2025-11-19 14:38:29,619 [Worker-3: Loading available Gradle versions] INFO  o.e.b.c.i.u.g.PublishedGradleVersions - Gradle version information cache is up-to-date. Trying to read.
2025-11-19 14:38:55,538 [Worker-16: Importing Maven projects] INFO  o.e.m.c.i.l.LifecycleMappingFactory - Using org.eclipse.m2e.jdt.JarLifecycleMapping lifecycle mapping for MavenProject: fr.insa.StudentHelp:RequestManager:0.0.1-SNAPSHOT @ /home/slarge/Documents/studentHelp/StudentHelper/RequestManager/pom.xml.
2025-11-19 14:38:57,126 [Worker-16: Importing Maven projects] INFO  o.e.m.j.i.AbstractJavaProjectConfigurator - Adding source folder /RequestManager/src/main/java
2025-11-19 14:38:57,128 [Worker-16: Importing Maven projects] INFO  o.e.m.j.i.AbstractJavaProjectConfigurator - Adding resource folder /RequestManager/src/main/resources
2025-11-19 14:38:57,128 [Worker-16: Importing Maven projects] INFO  o.e.m.j.i.AbstractJavaProjectConfigurator - Adding resource folder /RequestManager/src/main/resources
2025-11-19 14:38:57,129 [Worker-16: Importing Maven projects] INFO  o.e.m.j.i.AbstractJavaProjectConfigurator - Adding source folder /RequestManager/src/test/java
2025-11-19 14:38:57,129 [Worker-16: Importing Maven projects] INFO  o.e.m.j.i.AbstractJavaProjectConfigurator - Adding resource folder /RequestManager/src/test/resources
2025-11-19 14:38:57,286 [Worker-16: Importing Maven projects] INFO  o.e.m.c.i.p.ProjectConfigurationManager - Imported and configured 1 project(s) in 4 sec
2025-11-19 14:38:58,380 [Worker-2: Building] INFO  o.a.m.s.f.DefaultMavenResourcesFiltering - Copying 1 resource from src/main/resources to target/classes
2025-11-19 14:38:58,394 [Worker-2: Building] INFO  o.a.m.s.f.DefaultMavenResourcesFiltering - Copying 0 resource from src/main/resources to target/classes
2025-11-19 14:38:58,398 [Worker-2: Building] INFO  o.a.m.s.f.DefaultMavenResourcesFiltering - skip non existing resourceDirectory /home/slarge/Documents/studentHelp/StudentHelper/RequestManager/src/test/resources
2025-11-19 14:39:13,756 [Worker-12: Importing Maven projects] INFO  o.e.m.c.i.l.LifecycleMappingFactory - Using org.eclipse.m2e.jdt.JarLifecycleMapping lifecycle mapping for MavenProject: fr.insa.StudentHelp:StudentManager:0.0.1-SNAPSHOT @ /home/slarge/Documents/studentHelp/StudentHelper/StudentManager/pom.xml.
2025-11-19 14:39:14,965 [Worker-12: Importing Maven projects] INFO  o.e.m.j.i.AbstractJavaProjectConfigurator - Adding source folder /StudentManager/src/main/java
2025-11-19 14:39:14,965 [Worker-12: Importing Maven projects] INFO  o.e.m.j.i.AbstractJavaProjectConfigurator - Adding resource folder /StudentManager/src/main/resources
2025-11-19 14:39:14,965 [Worker-12: Importing Maven projects] INFO  o.e.m.j.i.AbstractJavaProjectConfigurator - Adding resource folder /StudentManager/src/main/resources
2025-11-19 14:39:14,965 [Worker-12: Importing Maven projects] INFO  o.e.m.j.i.AbstractJavaProjectConfigurator - Adding source folder /StudentManager/src/test/java
2025-11-19 14:39:14,967 [Worker-12: Importing Maven projects] INFO  o.e.m.j.i.AbstractJavaProjectConfigurator - Adding resource folder /StudentManager/src/test/resources
2025-11-19 14:39:15,052 [Worker-12: Importing Maven projects] INFO  o.e.m.c.i.p.ProjectConfigurationManager - Imported and configured 1 project(s) in 2 sec
2025-11-19 14:39:15,552 [Worker-12: Building] INFO  o.a.m.s.f.DefaultMavenResourcesFiltering - Copying 1 resource from src/main/resources to target/classes
2025-11-19 14:39:15,557 [Worker-12: Building] INFO  o.a.m.s.f.DefaultMavenResourcesFiltering - Copying 0 resource from src/main/resources to target/classes
2025-11-19 14:39:15,560 [Worker-12: Building] INFO  o.a.m.s.f.DefaultMavenResourcesFiltering - skip non existing resourceDirectory /home/slarge/Documents/studentHelp/StudentHelper/StudentManager/src/test/resources
2025-11-19 14:39:29,911 [Worker-12: Importing Maven projects] INFO  o.e.m.c.i.l.LifecycleMappingFactory - Using org.eclipse.m2e.jdt.JarLifecycleMapping lifecycle mapping for MavenProject: fr.insa.StudentHelp:shDiscovery:0.0.1-SNAPSHOT @ /home/slarge/Bureau/shDiscovery/pom.xml.
2025-11-19 14:39:33,560 [Worker-12: Importing Maven projects] INFO  o.e.m.j.i.AbstractJavaProjectConfigurator - Adding source folder /shDiscovery/src/main/java
2025-11-19 14:39:33,560 [Worker-12: Importing Maven projects] INFO  o.e.m.j.i.AbstractJavaProjectConfigurator - Adding resource folder /shDiscovery/src/main/resources
2025-11-19 14:39:33,560 [Worker-12: Importing Maven projects] INFO  o.e.m.j.i.AbstractJavaProjectConfigurator - Adding resource folder /shDiscovery/src/main/resources
2025-11-19 14:39:33,560 [Worker-12: Importing Maven projects] INFO  o.e.m.j.i.AbstractJavaProjectConfigurator - Adding source folder /shDiscovery/src/test/java
2025-11-19 14:39:33,561 [Worker-12: Importing Maven projects] INFO  o.e.m.j.i.AbstractJavaProjectConfigurator - Adding resource folder /shDiscovery/src/test/resources
2025-11-19 14:39:33,739 [Worker-12: Importing Maven projects] INFO  o.e.m.c.i.p.ProjectConfigurationManager - Imported and configured 1 project(s) in 5 sec
2025-11-19 14:39:34,786 [Worker-13: Building] INFO  o.a.m.s.f.DefaultMavenResourcesFiltering - Copying 1 resource from src/main/resources to target/classes
2025-11-19 14:39:34,813 [Worker-13: Building] INFO  o.a.m.s.f.DefaultMavenResourcesFiltering - Copying 0 resource from src/main/resources to target/classes
2025-11-19 14:39:34,816 [Worker-13: Building] INFO  o.a.m.s.f.DefaultMavenResourcesFiltering - skip non existing resourceDirectory /home/slarge/Bureau/shDiscovery/src/test/resources
2025-11-19 14:41:35,320 [Worker-11: Importing Maven projects] INFO  o.e.m.c.i.l.LifecycleMappingFactory - Using org.eclipse.m2e.jdt.JarLifecycleMapping lifecycle mapping for MavenProject: fr.insa.StudentHelp:RequestManager:0.0.1-SNAPSHOT @ /home/slarge/Documents/studentHelp/StudentHelper/RequestManager/pom.xml.
2025-11-19 14:41:36,627 [Worker-11: Importing Maven projects] INFO  o.e.m.j.i.AbstractJavaProjectConfigurator - Adding source folder /RequestManager/src/main/java
2025-11-19 14:41:36,627 [Worker-11: Importing Maven projects] INFO  o.e.m.j.i.AbstractJavaProjectConfigurator - Adding resource folder /RequestManager/src/main/resources
2025-11-19 14:41:36,627 [Worker-11: Importing Maven projects] INFO  o.e.m.j.i.AbstractJavaProjectConfigurator - Adding resource folder /RequestManager/src/main/resources
2025-11-19 14:41:36,627 [Worker-11: Importing Maven projects] INFO  o.e.m.j.i.AbstractJavaProjectConfigurator - Adding source folder /RequestManager/src/test/java
2025-11-19 14:41:36,628 [Worker-11: Importing Maven projects] INFO  o.e.m.j.i.AbstractJavaProjectConfigurator - Adding resource folder /RequestManager/src/test/resources
2025-11-19 14:41:36,695 [Worker-11: Importing Maven projects] INFO  o.e.m.c.i.p.ProjectConfigurationManager - Imported and configured 1 project(s) in 2 sec
2025-11-19 14:41:37,162 [Worker-2: Building] INFO  o.a.m.s.f.DefaultMavenResourcesFiltering - Copying 1 resource from src/main/resources to target/classes
2025-11-19 14:41:37,165 [Worker-2: Building] INFO  o.a.m.s.f.DefaultMavenResourcesFiltering - Copying 0 resource from src/main/resources to target/classes
2025-11-19 14:41:37,167 [Worker-2: Building] INFO  o.a.m.s.f.DefaultMavenResourcesFiltering - skip non existing resourceDirectory /home/slarge/Documents/studentHelp/StudentHelper/RequestManager/src/test/resources
2025-11-19 14:42:36,494 [Worker-13: Importing Maven projects] INFO  o.e.m.c.i.l.LifecycleMappingFactory - Using org.eclipse.m2e.jdt.JarLifecycleMapping lifecycle mapping for MavenProject: fr.insa.StudentHelp:RequestManager:0.0.1-SNAPSHOT @ /home/slarge/Documents/Workspace_SOA/RequestManager/pom.xml.
2025-11-19 14:42:37,454 [Worker-13: Importing Maven projects] INFO  o.e.m.j.i.AbstractJavaProjectConfigurator - Adding source folder /RequestManager/src/main/java
2025-11-19 14:42:37,454 [Worker-13: Importing Maven projects] INFO  o.e.m.j.i.AbstractJavaProjectConfigurator - Adding resource folder /RequestManager/src/main/resources
2025-11-19 14:42:37,454 [Worker-13: Importing Maven projects] INFO  o.e.m.j.i.AbstractJavaProjectConfigurator - Adding resource folder /RequestManager/src/main/resources
2025-11-19 14:42:37,455 [Worker-13: Importing Maven projects] INFO  o.e.m.j.i.AbstractJavaProjectConfigurator - Adding source folder /RequestManager/src/test/java
2025-11-19 14:42:37,456 [Worker-13: Importing Maven projects] INFO  o.e.m.j.i.AbstractJavaProjectConfigurator - Adding resource folder /RequestManager/src/test/resources
2025-11-19 14:42:37,525 [Worker-13: Importing Maven projects] INFO  o.e.m.c.i.p.ProjectConfigurationManager - Imported and configured 1 project(s) in 2 sec
2025-11-19 14:42:37,906 [Worker-12: Building] INFO  o.a.m.s.f.DefaultMavenResourcesFiltering - Copying 1 resource from src/main/resources to target/classes
2025-11-19 14:42:37,910 [Worker-12: Building] INFO  o.a.m.s.f.DefaultMavenResourcesFiltering - Copying 0 resource from src/main/resources to target/classes
2025-11-19 14:42:37,913 [Worker-12: Building] INFO  o.a.m.s.f.DefaultMavenResourcesFiltering - skip non existing resourceDirectory /home/slarge/Documents/Workspace_SOA/RequestManager/src/test/resources
2025-11-19 14:42:46,464 [Worker-0: Importing Maven projects] INFO  o.e.m.c.i.l.LifecycleMappingFactory - Using org.eclipse.m2e.jdt.JarLifecycleMapping lifecycle mapping for MavenProject: fr.insa.StudentHelp:StudentManager:0.0.1-SNAPSHOT @ /home/slarge/Documents/Workspace_SOA/StudentManager/pom.xml.
2025-11-19 14:42:47,413 [Worker-0: Importing Maven projects] INFO  o.e.m.j.i.AbstractJavaProjectConfigurator - Adding source folder /StudentManager/src/main/java
2025-11-19 14:42:47,413 [Worker-0: Importing Maven projects] INFO  o.e.m.j.i.AbstractJavaProjectConfigurator - Adding resource folder /StudentManager/src/main/resources
2025-11-19 14:42:47,414 [Worker-0: Importing Maven projects] INFO  o.e.m.j.i.AbstractJavaProjectConfigurator - Adding resource folder /StudentManager/src/main/resources
2025-11-19 14:42:47,414 [Worker-0: Importing Maven projects] INFO  o.e.m.j.i.AbstractJavaProjectConfigurator - Adding source folder /StudentManager/src/test/java
2025-11-19 14:42:47,415 [Worker-0: Importing Maven projects] INFO  o.e.m.j.i.AbstractJavaProjectConfigurator - Adding resource folder /StudentManager/src/test/resources
2025-11-19 14:42:47,514 [Worker-0: Importing Maven projects] INFO  o.e.m.c.i.p.ProjectConfigurationManager - Imported and configured 1 project(s) in 2 sec
2025-11-19 14:42:47,928 [Worker-2: Building] INFO  o.a.m.s.f.DefaultMavenResourcesFiltering - Copying 1 resource from src/main/resources to target/classes
2025-11-19 14:42:47,935 [Worker-2: Building] INFO  o.a.m.s.f.DefaultMavenResourcesFiltering - Copying 0 resource from src/main/resources to target/classes
2025-11-19 14:42:47,937 [Worker-2: Building] INFO  o.a.m.s.f.DefaultMavenResourcesFiltering - skip non existing resourceDirectory /home/slarge/Documents/Workspace_SOA/StudentManager/src/test/resources
2025-11-19 14:44:19,905 [Worker-7: Importing Maven projects] INFO  o.e.m.c.i.l.LifecycleMappingFactory - Using org.eclipse.m2e.jdt.JarLifecycleMapping lifecycle mapping for MavenProject: fr.insa.StudentHelp:shDiscovery:0.0.1-SNAPSHOT @ /home/slarge/Documents/Workspace_SOA/shDiscovery/pom.xml.
2025-11-19 14:44:24,243 [Worker-7: Importing Maven projects] INFO  o.e.m.j.i.AbstractJavaProjectConfigurator - Adding source folder /shDiscovery/src/main/java
2025-11-19 14:44:24,243 [Worker-7: Importing Maven projects] INFO  o.e.m.j.i.AbstractJavaProjectConfigurator - Adding resource folder /shDiscovery/src/main/resources
2025-11-19 14:44:24,243 [Worker-7: Importing Maven projects] INFO  o.e.m.j.i.AbstractJavaProjectConfigurator - Adding resource folder /shDiscovery/src/main/resources
2025-11-19 14:44:24,244 [Worker-7: Importing Maven projects] INFO  o.e.m.j.i.AbstractJavaProjectConfigurator - Adding source folder /shDiscovery/src/test/java
2025-11-19 14:44:24,244 [Worker-7: Importing Maven projects] INFO  o.e.m.j.i.AbstractJavaProjectConfigurator - Adding resource folder /shDiscovery/src/test/resources
2025-11-19 14:44:24,446 [Worker-7: Importing Maven projects] INFO  o.e.m.c.i.p.ProjectConfigurationManager - Imported and configured 1 project(s) in 6 sec
2025-11-19 14:44:25,136 [Worker-2: Building] INFO  o.a.m.s.f.DefaultMavenResourcesFiltering - Copying 1 resource from src/main/resources to target/classes
2025-11-19 14:44:25,149 [Worker-2: Building] INFO  o.a.m.s.f.DefaultMavenResourcesFiltering - Copying 0 resource from src/main/resources to target/classes
2025-11-19 14:44:25,152 [Worker-2: Building] INFO  o.a.m.s.f.DefaultMavenResourcesFiltering - skip non existing resourceDirectory /home/slarge/Documents/Workspace_SOA/shDiscovery/src/test/resources
2025-11-19 14:47:05,759 [Worker-20: Building] INFO  o.a.m.s.f.DefaultMavenResourcesFiltering - Copying 1 resource from src/main/resources to target/classes
2025-11-19 14:47:05,774 [Worker-20: Building] INFO  o.a.m.s.f.DefaultMavenResourcesFiltering - Copying 0 resource from src/main/resources to target/classes
2025-11-19 14:47:05,778 [Worker-20: Building] INFO  o.a.m.s.f.DefaultMavenResourcesFiltering - skip non existing resourceDirectory /home/slarge/Documents/Workspace_SOA/shDiscovery/src/test/resources
2025-11-19 14:51:10,600 [Worker-14: Building] INFO  o.e.m.c.i.l.LifecycleMappingFactory - Using org.eclipse.m2e.jdt.JarLifecycleMapping lifecycle mapping for MavenProject: fr.insa.StudentHelp:StudentManager:0.0.1-SNAPSHOT @ /home/slarge/Documents/Workspace_SOA/StudentManager/pom.xml.
2025-11-19 14:51:13,020 [Worker-14: Building] INFO  o.a.m.s.f.DefaultMavenResourcesFiltering - Copying 0 resource from src/main/resources to target/classes
2025-11-19 14:51:13,021 [Worker-14: Building] INFO  o.a.m.s.f.DefaultMavenResourcesFiltering - Copying 0 resource from src/main/resources to target/classes
2025-11-19 14:51:13,026 [Worker-14: Building] INFO  o.a.m.s.f.DefaultMavenResourcesFiltering - skip non existing resourceDirectory /home/slarge/Documents/Workspace_SOA/StudentManager/src/test/resources
2025-11-19 14:51:15,146 [Worker-21: Building] INFO  o.e.m.c.i.l.LifecycleMappingFactory - Using org.eclipse.m2e.jdt.JarLifecycleMapping lifecycle mapping for MavenProject: fr.insa.StudentHelp:RequestManager:0.0.1-SNAPSHOT @ /home/slarge/Documents/Workspace_SOA/RequestManager/pom.xml.
2025-11-19 14:51:16,790 [Worker-21: Building] INFO  o.a.m.s.f.DefaultMavenResourcesFiltering - Copying 0 resource from src/main/resources to target/classes
2025-11-19 14:51:16,791 [Worker-21: Building] INFO  o.a.m.s.f.DefaultMavenResourcesFiltering - Copying 0 resource from src/main/resources to target/classes
2025-11-19 14:51:16,792 [Worker-21: Building] INFO  o.a.m.s.f.DefaultMavenResourcesFiltering - skip non existing resourceDirectory /home/slarge/Documents/Workspace_SOA/RequestManager/src/test/resources
2025-11-19 14:51:17,253 [Worker-21: Building] INFO  o.a.m.s.f.DefaultMavenResourcesFiltering - Copying 1 resource from src/main/resources to target/classes
2025-11-19 14:51:17,258 [Worker-21: Building] INFO  o.a.m.s.f.DefaultMavenResourcesFiltering - Copying 0 resource from src/main/resources to target/classes
2025-11-19 14:51:17,259 [Worker-21: Building] INFO  o.a.m.s.f.DefaultMavenResourcesFiltering - skip non existing resourceDirectory /home/slarge/Documents/Workspace_SOA/StudentManager/src/test/resources
2025-11-19 14:51:18,834 [Worker-21: Building] INFO  o.a.m.s.f.DefaultMavenResourcesFiltering - Copying 1 resource from src/main/resources to target/classes
2025-11-19 14:51:18,840 [Worker-21: Building] INFO  o.a.m.s.f.DefaultMavenResourcesFiltering - Copying 0 resource from src/main/resources to target/classes
2025-11-19 14:51:18,844 [Worker-21: Building] INFO  o.a.m.s.f.DefaultMavenResourcesFiltering - skip non existing resourceDirectory /home/slarge/Documents/Workspace_SOA/RequestManager/src/test/resources
2025-11-19 15:05:30,048 [Worker-22: Building] INFO  o.e.m.c.i.l.LifecycleMappingFactory - Using org.eclipse.m2e.jdt.JarLifecycleMapping lifecycle mapping for MavenProject: fr.insa.StudentHelp:RequestManager:0.0.1-SNAPSHOT @ /home/slarge/Documents/Workspace_SOA/RequestManager/pom.xml.
2025-11-19 15:05:32,624 [Worker-22: Building] INFO  o.a.m.s.f.DefaultMavenResourcesFiltering - Copying 1 resource from src/main/resources to target/classes
2025-11-19 15:05:32,632 [Worker-22: Building] INFO  o.a.m.s.f.DefaultMavenResourcesFiltering - Copying 0 resource from src/main/resources to target/classes
2025-11-19 15:05:32,650 [Worker-22: Building] INFO  o.a.m.s.f.DefaultMavenResourcesFiltering - skip non existing resourceDirectory /home/slarge/Documents/Workspace_SOA/RequestManager/src/test/resources
2025-11-19 15:05:35,132 [Worker-28: Building] INFO  o.e.m.c.i.l.LifecycleMappingFactory - Using org.eclipse.m2e.jdt.JarLifecycleMapping lifecycle mapping for MavenProject: fr.insa.StudentHelp:RequestManager:0.0.1-SNAPSHOT @ /home/slarge/Documents/Workspace_SOA/RequestManager/pom.xml.
2025-11-19 15:05:37,426 [Worker-28: Building] INFO  o.a.m.s.f.DefaultMavenResourcesFiltering - Copying 1 resource from src/main/resources to target/classes
2025-11-19 15:05:37,432 [Worker-28: Building] INFO  o.a.m.s.f.DefaultMavenResourcesFiltering - Copying 0 resource from src/main/resources to target/classes
2025-11-19 15:05:37,436 [Worker-28: Building] INFO  o.a.m.s.f.DefaultMavenResourcesFiltering - skip non existing resourceDirectory /home/slarge/Documents/Workspace_SOA/RequestManager/src/test/resources
2025-11-19 15:05:38,923 [Worker-26: Building] INFO  o.e.m.c.i.l.LifecycleMappingFactory - Using org.eclipse.m2e.jdt.JarLifecycleMapping lifecycle mapping for MavenProject: fr.insa.StudentHelp:StudentManager:0.0.1-SNAPSHOT @ /home/slarge/Documents/Workspace_SOA/StudentManager/pom.xml.
2025-11-19 15:05:40,621 [Worker-26: Building] INFO  o.a.m.s.f.DefaultMavenResourcesFiltering - Copying 1 resource from src/main/resources to target/classes
2025-11-19 15:05:40,629 [Worker-26: Building] INFO  o.a.m.s.f.DefaultMavenResourcesFiltering - Copying 0 resource from src/main/resources to target/classes
2025-11-19 15:05:40,643 [Worker-26: Building] INFO  o.a.m.s.f.DefaultMavenResourcesFiltering - skip non existing resourceDirectory /home/slarge/Documents/Workspace_SOA/StudentManager/src/test/resources
2025-11-19 15:05:42,959 [Worker-29: Building] INFO  o.e.m.c.i.l.LifecycleMappingFactory - Using org.eclipse.m2e.jdt.JarLifecycleMapping lifecycle mapping for MavenProject: fr.insa.StudentHelp:StudentManager:0.0.1-SNAPSHOT @ /home/slarge/Documents/Workspace_SOA/StudentManager/pom.xml.
2025-11-19 15:05:45,072 [Worker-29: Building] INFO  o.a.m.s.f.DefaultMavenResourcesFiltering - Copying 1 resource from src/main/resources to target/classes
2025-11-19 15:05:45,075 [Worker-29: Building] INFO  o.a.m.s.f.DefaultMavenResourcesFiltering - Copying 0 resource from src/main/resources to target/classes
2025-11-19 15:05:45,077 [Worker-29: Building] INFO  o.a.m.s.f.DefaultMavenResourcesFiltering - skip non existing resourceDirectory /home/slarge/Documents/Workspace_SOA/StudentManager/src/test/resources
2025-11-19 15:06:03,738 [Worker-32: Building] INFO  o.e.m.c.i.l.LifecycleMappingFactory - Using org.eclipse.m2e.jdt.JarLifecycleMapping lifecycle mapping for MavenProject: fr.insa.StudentHelp:shDiscovery:0.0.1-SNAPSHOT @ /home/slarge/Documents/Workspace_SOA/shDiscovery/pom.xml.
2025-11-19 15:06:06,623 [Worker-32: Building] INFO  o.a.m.s.f.DefaultMavenResourcesFiltering - Copying 1 resource from src/main/resources to target/classes
2025-11-19 15:06:06,658 [Worker-32: Building] INFO  o.a.m.s.f.DefaultMavenResourcesFiltering - Copying 0 resource from src/main/resources to target/classes
2025-11-19 15:06:06,667 [Worker-32: Building] INFO  o.a.m.s.f.DefaultMavenResourcesFiltering - skip non existing resourceDirectory /home/slarge/Documents/Workspace_SOA/shDiscovery/src/test/resources
2025-11-19 15:06:39,679 [Worker-29: Updating Maven Project] INFO  o.e.m.c.i.p.ProjectConfigurationManager - Update started
2025-11-19 15:06:43,505 [Worker-29: Updating Maven Project] INFO  o.e.m.c.i.l.LifecycleMappingFactory - Using org.eclipse.m2e.jdt.JarLifecycleMapping lifecycle mapping for MavenProject: fr.insa.StudentHelp:RequestManager:0.0.1-SNAPSHOT @ /home/slarge/Documents/Workspace_SOA/RequestManager/pom.xml.
2025-11-19 15:06:45,532 [Worker-29: Updating Maven Project] INFO  o.e.m.c.i.l.LifecycleMappingFactory - Using org.eclipse.m2e.jdt.JarLifecycleMapping lifecycle mapping for MavenProject: fr.insa.StudentHelp:shDiscovery:0.0.1-SNAPSHOT @ /home/slarge/Documents/Workspace_SOA/shDiscovery/pom.xml.
2025-11-19 15:06:46,831 [Worker-29: Updating Maven Project] INFO  o.e.m.c.i.l.LifecycleMappingFactory - Using org.eclipse.m2e.jdt.JarLifecycleMapping lifecycle mapping for MavenProject: fr.insa.StudentHelp:StudentManager:0.0.1-SNAPSHOT @ /home/slarge/Documents/Workspace_SOA/StudentManager/pom.xml.
2025-11-19 15:06:48,098 [Worker-29: Updating Maven Project] INFO  o.e.m.j.i.AbstractJavaProjectConfigurator - Adding source folder /RequestManager/src/main/java
2025-11-19 15:06:48,099 [Worker-29: Updating Maven Project] INFO  o.e.m.j.i.AbstractJavaProjectConfigurator - Adding resource folder /RequestManager/src/main/resources
2025-11-19 15:06:48,100 [Worker-29: Updating Maven Project] INFO  o.e.m.j.i.AbstractJavaProjectConfigurator - Adding resource folder /RequestManager/src/main/resources
2025-11-19 15:06:48,100 [Worker-29: Updating Maven Project] INFO  o.e.m.j.i.AbstractJavaProjectConfigurator - Adding source folder /RequestManager/src/test/java
2025-11-19 15:06:48,101 [Worker-29: Updating Maven Project] INFO  o.e.m.j.i.AbstractJavaProjectConfigurator - Adding resource folder /RequestManager/src/test/resources
2025-11-19 15:06:48,278 [Worker-29: Updating Maven Project] INFO  o.e.m.j.i.AbstractJavaProjectConfigurator - Adding source folder /shDiscovery/src/main/java
2025-11-19 15:06:48,278 [Worker-29: Updating Maven Project] INFO  o.e.m.j.i.AbstractJavaProjectConfigurator - Adding resource folder /shDiscovery/src/main/resources
2025-11-19 15:06:48,278 [Worker-29: Updating Maven Project] INFO  o.e.m.j.i.AbstractJavaProjectConfigurator - Adding resource folder /shDiscovery/src/main/resources
2025-11-19 15:06:48,278 [Worker-29: Updating Maven Project] INFO  o.e.m.j.i.AbstractJavaProjectConfigurator - Adding source folder /shDiscovery/src/test/java
2025-11-19 15:06:48,278 [Worker-29: Updating Maven Project] INFO  o.e.m.j.i.AbstractJavaProjectConfigurator - Adding resource folder /shDiscovery/src/test/resources
2025-11-19 15:06:48,486 [Worker-29: Updating Maven Project] INFO  o.e.m.j.i.AbstractJavaProjectConfigurator - Adding source folder /StudentManager/src/main/java
2025-11-19 15:06:48,486 [Worker-29: Updating Maven Project] INFO  o.e.m.j.i.AbstractJavaProjectConfigurator - Adding resource folder /StudentManager/src/main/resources
2025-11-19 15:06:48,486 [Worker-29: Updating Maven Project] INFO  o.e.m.j.i.AbstractJavaProjectConfigurator - Adding resource folder /StudentManager/src/main/resources
2025-11-19 15:06:48,486 [Worker-29: Updating Maven Project] INFO  o.e.m.j.i.AbstractJavaProjectConfigurator - Adding source folder /StudentManager/src/test/java
2025-11-19 15:06:48,486 [Worker-29: Updating Maven Project] INFO  o.e.m.j.i.AbstractJavaProjectConfigurator - Adding resource folder /StudentManager/src/test/resources
2025-11-19 15:06:49,302 [Worker-29: Updating Maven Project] INFO  o.e.m.c.i.p.ProjectConfigurationManager - Update completed for 3 poms: local refresh takes 0,00 sec, refresh facades takes 7,00 sec, update config takes 0,00 sec 
2025-11-19 15:06:49,608 [Worker-31: Building] INFO  o.a.m.s.f.DefaultMavenResourcesFiltering - Copying 1 resource from src/main/resources to target/classes
2025-11-19 15:06:49,613 [Worker-31: Building] INFO  o.a.m.s.f.DefaultMavenResourcesFiltering - Copying 0 resource from src/main/resources to target/classes
2025-11-19 15:06:49,614 [Worker-31: Building] INFO  o.a.m.s.f.DefaultMavenResourcesFiltering - skip non existing resourceDirectory /home/slarge/Documents/Workspace_SOA/RequestManager/src/test/resources
2025-11-19 15:06:49,791 [Worker-31: Building] INFO  o.a.m.s.f.DefaultMavenResourcesFiltering - Copying 1 resource from src/main/resources to target/classes
2025-11-19 15:06:49,794 [Worker-31: Building] INFO  o.a.m.s.f.DefaultMavenResourcesFiltering - Copying 0 resource from src/main/resources to target/classes
2025-11-19 15:06:49,796 [Worker-31: Building] INFO  o.a.m.s.f.DefaultMavenResourcesFiltering - skip non existing resourceDirectory /home/slarge/Documents/Workspace_SOA/StudentManager/src/test/resources
2025-11-19 15:06:50,239 [Worker-31: Building] INFO  o.a.m.s.f.DefaultMavenResourcesFiltering - Copying 1 resource from src/main/resources to target/classes
2025-11-19 15:06:50,251 [Worker-31: Building] INFO  o.a.m.s.f.DefaultMavenResourcesFiltering - Copying 0 resource from src/main/resources to target/classes
2025-11-19 15:06:50,254 [Worker-31: Building] INFO  o.a.m.s.f.DefaultMavenResourcesFiltering - skip non existing resourceDirectory /home/slarge/Documents/Workspace_SOA/shDiscovery/src/test/resources
2025-11-19 15:07:14,404 [Worker-30: Building] INFO  o.a.m.s.f.DefaultMavenResourcesFiltering - Copying 1 resource from src/main/resources to target/classes
2025-11-19 15:07:14,415 [Worker-30: Building] INFO  o.a.m.s.f.DefaultMavenResourcesFiltering - Copying 0 resource from src/main/resources to target/classes
2025-11-19 15:07:14,420 [Worker-30: Building] INFO  o.a.m.s.f.DefaultMavenResourcesFiltering - skip non existing resourceDirectory /home/slarge/Documents/Workspace_SOA/RequestManager/src/test/resources
2025-11-19 15:07:24,672 [Worker-32: Building] INFO  o.e.m.c.i.l.LifecycleMappingFactory - Using org.eclipse.m2e.jdt.JarLifecycleMapping lifecycle mapping for MavenProject: fr.insa.StudentHelp:RequestManager:0.0.1-SNAPSHOT @ /home/slarge/Documents/Workspace_SOA/RequestManager/pom.xml.
2025-11-19 15:07:26,809 [Worker-32: Building] INFO  o.e.m.c.i.p.WorkspaceClassifierResolverManager - Resolving P/shDiscovery: fr.insa.StudentHelp:shDiscovery:0.0.1-SNAPSHOT with classifier  to /shDiscovery/target/classes
2025-11-19 15:07:27,257 [Worker-32: Building] INFO  o.a.m.s.f.DefaultMavenResourcesFiltering - Copying 0 resource from src/main/resources to target/classes
2025-11-19 15:07:27,258 [Worker-32: Building] INFO  o.a.m.s.f.DefaultMavenResourcesFiltering - Copying 0 resource from src/main/resources to target/classes
2025-11-19 15:07:27,259 [Worker-32: Building] INFO  o.a.m.s.f.DefaultMavenResourcesFiltering - skip non existing resourceDirectory /home/slarge/Documents/Workspace_SOA/RequestManager/src/test/resources
2025-11-19 15:07:27,829 [Worker-31: Building] INFO  o.a.m.s.f.DefaultMavenResourcesFiltering - Copying 1 resource from src/main/resources to target/classes
2025-11-19 15:07:27,833 [Worker-31: Building] INFO  o.a.m.s.f.DefaultMavenResourcesFiltering - Copying 0 resource from src/main/resources to target/classes
2025-11-19 15:07:27,834 [Worker-31: Building] INFO  o.a.m.s.f.DefaultMavenResourcesFiltering - skip non existing resourceDirectory /home/slarge/Documents/Workspace_SOA/RequestManager/src/test/resources
2025-11-19 15:07:29,971 [Worker-28: Building] INFO  o.e.m.c.i.l.LifecycleMappingFactory - Using org.eclipse.m2e.jdt.JarLifecycleMapping lifecycle mapping for MavenProject: fr.insa.StudentHelp:RequestManager:0.0.1-SNAPSHOT @ /home/slarge/Documents/Workspace_SOA/RequestManager/pom.xml.
2025-11-19 15:07:32,045 [Worker-28: Building] INFO  o.e.m.c.i.p.WorkspaceClassifierResolverManager - Resolving P/shDiscovery: fr.insa.StudentHelp:shDiscovery:0.0.1-SNAPSHOT with classifier  to /shDiscovery/target/classes
2025-11-19 15:07:32,411 [Worker-28: Building] INFO  o.a.m.s.f.DefaultMavenResourcesFiltering - Copying 0 resource from src/main/resources to target/classes
2025-11-19 15:07:32,412 [Worker-28: Building] INFO  o.a.m.s.f.DefaultMavenResourcesFiltering - Copying 0 resource from src/main/resources to target/classes
2025-11-19 15:07:32,413 [Worker-28: Building] INFO  o.a.m.s.f.DefaultMavenResourcesFiltering - skip non existing resourceDirectory /home/slarge/Documents/Workspace_SOA/RequestManager/src/test/resources
2025-11-19 15:07:45,146 [Worker-32: Building] INFO  o.a.m.s.f.DefaultMavenResourcesFiltering - Copying 1 resource from src/main/resources to target/classes
2025-11-19 15:07:45,152 [Worker-32: Building] INFO  o.a.m.s.f.DefaultMavenResourcesFiltering - Copying 0 resource from src/main/resources to target/classes
2025-11-19 15:07:45,154 [Worker-32: Building] INFO  o.a.m.s.f.DefaultMavenResourcesFiltering - skip non existing resourceDirectory /home/slarge/Documents/Workspace_SOA/RequestManager/src/test/resources
2025-11-19 15:08:44,345 [Worker-30: Building] INFO  o.e.m.c.i.l.LifecycleMappingFactory - Using org.eclipse.m2e.jdt.JarLifecycleMapping lifecycle mapping for MavenProject: fr.insa.StudentHelp:StudentManager:0.0.1-SNAPSHOT @ /home/slarge/Documents/Workspace_SOA/StudentManager/pom.xml.
2025-11-19 15:08:47,069 [Worker-30: Building] INFO  o.e.m.c.i.p.WorkspaceClassifierResolverManager - Resolving P/RequestManager: fr.insa.StudentHelp:RequestManager:0.0.1-SNAPSHOT with classifier  to /RequestManager/target/classes
2025-11-19 15:08:47,071 [Worker-30: Building] INFO  o.e.m.c.i.p.WorkspaceClassifierResolverManager - Resolving P/shDiscovery: fr.insa.StudentHelp:shDiscovery:0.0.1-SNAPSHOT with classifier  to /shDiscovery/target/classes
2025-11-19 15:08:47,523 [Worker-30: Building] INFO  o.a.m.s.f.DefaultMavenResourcesFiltering - Copying 0 resource from src/main/resources to target/classes
2025-11-19 15:08:47,524 [Worker-30: Building] INFO  o.a.m.s.f.DefaultMavenResourcesFiltering - Copying 0 resource from src/main/resources to target/classes
2025-11-19 15:08:47,525 [Worker-30: Building] INFO  o.a.m.s.f.DefaultMavenResourcesFiltering - skip non existing resourceDirectory /home/slarge/Documents/Workspace_SOA/StudentManager/src/test/resources
2025-11-19 15:08:49,466 [Worker-32: Building] INFO  o.e.m.c.i.l.LifecycleMappingFactory - Using org.eclipse.m2e.jdt.JarLifecycleMapping lifecycle mapping for MavenProject: fr.insa.StudentHelp:StudentManager:0.0.1-SNAPSHOT @ /home/slarge/Documents/Workspace_SOA/StudentManager/pom.xml.
2025-11-19 15:08:52,387 [Worker-32: Building] INFO  o.e.m.c.i.p.WorkspaceClassifierResolverManager - Resolving P/RequestManager: fr.insa.StudentHelp:RequestManager:0.0.1-SNAPSHOT with classifier  to /RequestManager/target/classes
2025-11-19 15:08:52,388 [Worker-32: Building] INFO  o.e.m.c.i.p.WorkspaceClassifierResolverManager - Resolving P/shDiscovery: fr.insa.StudentHelp:shDiscovery:0.0.1-SNAPSHOT with classifier  to /shDiscovery/target/classes
2025-11-19 15:08:52,819 [Worker-32: Building] INFO  o.a.m.s.f.DefaultMavenResourcesFiltering - Copying 1 resource from src/main/resources to target/classes
2025-11-19 15:08:52,824 [Worker-32: Building] INFO  o.a.m.s.f.DefaultMavenResourcesFiltering - Copying 0 resource from src/main/resources to target/classes
2025-11-19 15:08:52,825 [Worker-32: Building] INFO  o.a.m.s.f.DefaultMavenResourcesFiltering - skip non existing resourceDirectory /home/slarge/Documents/Workspace_SOA/StudentManager/src/test/resources
2025-11-19 15:10:19,784 [Worker-26: Building] INFO  o.a.m.s.f.DefaultMavenResourcesFiltering - Copying 1 resource from src/main/resources to target/classes
2025-11-19 15:10:19,801 [Worker-26: Building] INFO  o.a.m.s.f.DefaultMavenResourcesFiltering - Copying 0 resource from src/main/resources to target/classes
2025-11-19 15:10:19,806 [Worker-26: Building] INFO  o.a.m.s.f.DefaultMavenResourcesFiltering - skip non existing resourceDirectory /home/slarge/Documents/Workspace_SOA/StudentManager/src/test/resources
2025-11-19 15:10:24,674 [Worker-22: Building] INFO  o.a.m.s.f.DefaultMavenResourcesFiltering - Copying 1 resource from src/main/resources to target/classes
2025-11-19 15:10:24,682 [Worker-22: Building] INFO  o.a.m.s.f.DefaultMavenResourcesFiltering - Copying 0 resource from src/main/resources to target/classes
2025-11-19 15:10:24,684 [Worker-22: Building] INFO  o.a.m.s.f.DefaultMavenResourcesFiltering - skip non existing resourceDirectory /home/slarge/Documents/Workspace_SOA/RequestManager/src/test/resources
2025-11-19 15:10:27,978 [Worker-22: Building] INFO  o.a.m.s.f.DefaultMavenResourcesFiltering - Copying 1 resource from src/main/resources to target/classes
2025-11-19 15:10:27,985 [Worker-22: Building] INFO  o.a.m.s.f.DefaultMavenResourcesFiltering - Copying 0 resource from src/main/resources to target/classes
2025-11-19 15:10:27,986 [Worker-22: Building] INFO  o.a.m.s.f.DefaultMavenResourcesFiltering - skip non existing resourceDirectory /home/slarge/Documents/Workspace_SOA/RequestManager/src/test/resources
2025-11-19 15:11:45,923 [Worker-31: Launching RequestManagerApplication] INFO  o.e.m.c.i.p.WorkspaceClassifierResolverManager - Resolving P/shDiscovery: fr.insa.StudentHelp:shDiscovery:0.0.1-SNAPSHOT with classifier null to /shDiscovery/target/classes
2025-11-19 15:11:46,046 [Worker-31: Launching RequestManagerApplication] INFO  o.e.m.c.i.p.WorkspaceClassifierResolverManager - Resolving P/shDiscovery: fr.insa.StudentHelp:shDiscovery:0.0.1-SNAPSHOT with classifier null to /shDiscovery/target/classes
2025-11-19 15:11:46,144 [Worker-31: Launching RequestManagerApplication] INFO  o.e.m.c.i.p.WorkspaceClassifierResolverManager - Resolving P/shDiscovery: fr.insa.StudentHelp:shDiscovery:0.0.1-SNAPSHOT with classifier null to /shDiscovery/target/classes
2025-11-19 15:12:08,011 [Worker-29: Launching StudentManagerApplication] INFO  o.a.m.s.f.DefaultMavenResourcesFiltering - Copying 1 resource from src/main/resources to target/classes
2025-11-19 15:12:08,025 [Worker-29: Launching StudentManagerApplication] INFO  o.a.m.s.f.DefaultMavenResourcesFiltering - Copying 0 resource from src/main/resources to target/classes
2025-11-19 15:12:08,029 [Worker-29: Launching StudentManagerApplication] INFO  o.a.m.s.f.DefaultMavenResourcesFiltering - skip non existing resourceDirectory /home/slarge/Documents/Workspace_SOA/StudentManager/src/test/resources
2025-11-19 15:12:08,204 [Worker-29: Launching StudentManagerApplication] INFO  o.e.m.c.i.p.WorkspaceClassifierResolverManager - Resolving P/RequestManager: fr.insa.StudentHelp:RequestManager:0.0.1-SNAPSHOT with classifier null to /RequestManager/target/classes
2025-11-19 15:12:08,205 [Worker-29: Launching StudentManagerApplication] INFO  o.e.m.c.i.p.WorkspaceClassifierResolverManager - Resolving P/shDiscovery: fr.insa.StudentHelp:shDiscovery:0.0.1-SNAPSHOT with classifier null to /shDiscovery/target/classes
2025-11-19 15:12:08,432 [Worker-29: Launching StudentManagerApplication] INFO  o.e.m.c.i.p.WorkspaceClassifierResolverManager - Resolving P/RequestManager: fr.insa.StudentHelp:RequestManager:0.0.1-SNAPSHOT with classifier null to /RequestManager/target/classes
2025-11-19 15:12:08,432 [Worker-29: Launching StudentManagerApplication] INFO  o.e.m.c.i.p.WorkspaceClassifierResolverManager - Resolving P/shDiscovery: fr.insa.StudentHelp:shDiscovery:0.0.1-SNAPSHOT with classifier null to /shDiscovery/target/classes
2025-11-19 15:12:08,552 [Worker-29: Launching StudentManagerApplication] INFO  o.e.m.c.i.p.WorkspaceClassifierResolverManager - Resolving P/RequestManager: fr.insa.StudentHelp:RequestManager:0.0.1-SNAPSHOT with classifier null to /RequestManager/target/classes
2025-11-19 15:12:08,552 [Worker-29: Launching StudentManagerApplication] INFO  o.e.m.c.i.p.WorkspaceClassifierResolverManager - Resolving P/shDiscovery: fr.insa.StudentHelp:shDiscovery:0.0.1-SNAPSHOT with classifier null to /shDiscovery/target/classes
